<?xml version="1.0" encoding="UTF-8"?>
<!-- Generated by org.testng.reporters.JUnitReportReporter -->
<testsuite hostname="DESKTOP-RNI517M" failures="0" tests="2" name="com.test.MultipleTest" time="5.010" errors="0" timestamp="2023-02-10T20:31:16 MYT" skipped="0">
  <testcase classname="com.test.MultipleTest" name="SelectDropDown" time="0.731"/>
  <system-out/>
  <testcase classname="com.test.MultipleTest" name="AdvanceDropDown" time="4.279"/>
  <system-out/>
</testsuite> <!-- com.test.MultipleTest -->
